Determining if files direct.h exist failed with the following output:
Change Dir: /Users/ruixu/Documents/Flamelet/flamemaster/FlameMaster/Build/CMakeFiles/CMakeTmp

Run Build Command:"/usr/bin/make" "cmTC_528f5/fast"
/Library/Developer/CommandLineTools/usr/bin/make -f CMakeFiles/cmTC_528f5.dir/build.make CMakeFiles/cmTC_528f5.dir/build
Building C object CMakeFiles/cmTC_528f5.dir/HAVE_DIRECT_H.c.o
/Library/Developer/CommandLineTools/usr/bin/cc   -pedantic    -o CMakeFiles/cmTC_528f5.dir/HAVE_DIRECT_H.c.o   -c /Users/ruixu/Documents/Flamelet/flamemaster/FlameMaster/Build/CMakeFiles/CheckIncludeFiles/HAVE_DIRECT_H.c
/Users/ruixu/Documents/Flamelet/flamemaster/FlameMaster/Build/CMakeFiles/CheckIncludeFiles/HAVE_DIRECT_H.c:2:10: fatal error: 'direct.h' file not found
#include <direct.h>
         ^~~~~~~~~~
1 error generated.
make[1]: *** [CMakeFiles/cmTC_528f5.dir/HAVE_DIRECT_H.c.o] Error 1
make: *** [cmTC_528f5/fast] Error 2

Source:
/* */
#include <direct.h>


int main(void){return 0;}

Performing C SOURCE FILE Test COMPILER_SUPPORTS_C0X failed with the following output:
Change Dir: /Users/ruixu/Documents/Flamelet/flamemaster/FlameMaster/Build/CMakeFiles/CMakeTmp

Run Build Command:"/usr/bin/make" "cmTC_c8c8a/fast"
/Library/Developer/CommandLineTools/usr/bin/make -f CMakeFiles/cmTC_c8c8a.dir/build.make CMakeFiles/cmTC_c8c8a.dir/build
Building C object CMakeFiles/cmTC_c8c8a.dir/src.c.o
/Library/Developer/CommandLineTools/usr/bin/cc   -pedantic -DCOMPILER_SUPPORTS_C0X   -std=c0x -o CMakeFiles/cmTC_c8c8a.dir/src.c.o   -c /Users/ruixu/Documents/Flamelet/flamemaster/FlameMaster/Build/CMakeFiles/CMakeTmp/src.c
error: invalid value 'c0x' in '-std=c0x'
make[1]: *** [CMakeFiles/cmTC_c8c8a.dir/src.c.o] Error 1
make: *** [cmTC_c8c8a/fast] Error 2

Source file was:
int main(void) { return 0; }
